<?xml version="1.0" encoding="UTF-8"?>
<!-- Generated by org.testng.reporters.JUnitReportReporter -->
<testsuite hostname="BOOK-P0O1IG8UK3" failures="0" tests="1" name="Assert.Assertion" time="2.284" errors="0" timestamp="2023-02-15T10:55:32 EST" skipped="0">
  <testcase classname="Assert.Assertion" name="setupTest" time="2.284"/>
  <system-out/>
</testsuite> <!-- Assert.Assertion -->
